<?xml version="1.0" encoding="UTF-8"?>
<testsuite xmlns:xsi="http://www.w3.org/2001/XMLSchema-instance" xsi:noNamespaceSchemaLocation="https://maven.apache.org/surefire/maven-surefire-plugin/xsd/surefire-test-report.xsd" version="3.0.2" name="quant.platform.normalization.NormalizationApplicationTests" time="2.446" tests="1" errors="0" skipped="0" failures="0" flakes="0">
  <properties>
[...]
</properties>
  <testcase name="contextLoads" classname="quant.platform.normalization.NormalizationApplicationTests" time="0.589">
    <system-out><![CDATA[21:56:40.868 [main] INFO org.springframework.test.context.support.AnnotationConfigContextLoaderUtils -- Could not detect default configuration classes for test class [quant.platform.normalization.NormalizationApplicationTests]: NormalizationApplicationTests does not declare any static, non-private, non-final, nested classes annotated with @Configuration.
21:56:40.982 [main] INFO org.springframework.boot.test.context.SpringBootTestContextBootstrapper -- Found @SpringBootConfiguration quant.platform.normalization.NormalizationApplication for test class quant.platform.normalization.NormalizationApplicationTests
21:56:41.074 [main] INFO org.springframework.test.context.support.AnnotationConfigContextLoaderUtils -- Could not detect default configuration classes for test class [quant.platform.normalization.NormalizationApplicationTests]: NormalizationApplicationTests does not declare any static, non-private, non-final, nested classes annotated with @Configuration.
21:56:41.076 [main] INFO org.springframework.boot.test.context.SpringBootTestContextBootstrapper -- Found @SpringBootConfiguration quant.platform.normalization.NormalizationApplication for test class quant.platform.normalization.NormalizationApplicationTests
21:56:41.157 [main] INFO org.springframework.boot.devtools.restart.RestartApplicationListener -- Restart disabled due to context in which it is running

  .   ____          _            __ _ _
 /\\ / ___'_ __ _ _(_)_ __  __ _ \ \ \ \
( ( )\___ | '_ | '_| | '_ \/ _` | \ \ \ \
 \\/  ___)| |_)| | | | | || (_| |  ) ) ) )
  '  |____| .__|_| |_|_| |_\__, | / / / /
 =========|_|==============|___/=/_/_/_/

 :: Spring Boot ::                (v4.0.6)

2026-05-25T21:56:41.448+02:00  INFO 11380 --- [normalization] [           main] q.p.n.NormalizationApplicationTests      : Starting NormalizationApplicationTests using Java 25.0.2 with PID 11380 (started by mckmu in C:\Users\mckmu\OneDrive\Pulpit\Quant-Platform\Normalization)
2026-05-25T21:56:41.449+02:00  INFO 11380 --- [normalization] [           main] q.p.n.NormalizationApplicationTests      : No active profile set, falling back to 1 default profile: "default"
2026-05-25T21:56:42.625+02:00  INFO 11380 --- [normalization] [           main] q.p.n.NormalizationApplicationTests      : Started NormalizationApplicationTests in 1.48 seconds (process running for 2.871)
]]></system-out>
    <system-err><![CDATA[Mockito is currently self-attaching to enable the inline-mock-maker. This will no longer work in future releases of the JDK. Please add Mockito as an agent to your build as described in Mockito's documentation: https://javadoc.io/doc/org.mockito/mockito-core/latest/org.mockito/org/mockito/Mockito.html#0.3
WARNING: A Java agent has been loaded dynamically (C:\Users\mckmu\.m2\repository\net\bytebuddy\byte-buddy-agent\1.17.8\byte-buddy-agent-1.17.8.jar)
WARNING: If a serviceability tool is in use, please run with -XX:+EnableDynamicAgentLoading to hide this warning
WARNING: If a serviceability tool is not in use, please run with -Djdk.instrument.traceUsage for more information
WARNING: Dynamic loading of agents will be disallowed by default in a future release
]]></system-err>
  </testcase>
</testsuite>